[debug] [2026-06-19T15:39:30.557Z] ----------------------------------------------------------------------
[debug] [2026-06-19T15:39:30.559Z] Command:       C:\Program Files\nodejs\node.exe C:\Users\rook0\AppData\Roaming\npm\node_modules\firebase-tools\lib\bin\firebase.js deploy --only hosting --project my-expenses-app-58b8d
[debug] [2026-06-19T15:39:30.559Z] CLI Version:   15.19.0
[debug] [2026-06-19T15:39:30.559Z] Platform:      win32
[debug] [2026-06-19T15:39:30.559Z] Node Version:  v24.14.0
[debug] [2026-06-19T15:39:30.560Z] Time:          Fri Jun 19 2026 18:39:30 GMT+0300 (GMT+03:00)
[debug] [2026-06-19T15:39:30.560Z] ----------------------------------------------------------------------
[debug] 
[debug] [2026-06-19T15:39:31.856Z] > command requires scopes: ["email","openid","https://www.googleapis.com/auth/cloudplatformprojects.readonly","https://www.googleapis.com/auth/firebase","https://www.googleapis.com/auth/cloud-platform"]
[debug] [2026-06-19T15:39:31.856Z] > authorizing via signed-in user (rook01book@gmail.com)
[debug] [2026-06-19T15:39:31.856Z] [iam] checking project my-expenses-app-58b8d for permissions ["firebase.projects.get","firebasehosting.sites.update"]
[debug] [2026-06-19T15:39:31.857Z] Checked if tokens are valid: true, expires at: 1781884915187
[debug] [2026-06-19T15:39:31.857Z] Checked if tokens are valid: true, expires at: 1781884915187
[debug] [2026-06-19T15:39:31.858Z] >>> [apiv2][query] POST https://cloudresourcemanager.googleapis.com/v1/projects/my-expenses-app-58b8d:testIamPermissions [none]
[debug] [2026-06-19T15:39:31.858Z] >>> [apiv2][(partial)header] POST https://cloudresourcemanager.googleapis.com/v1/projects/my-expenses-app-58b8d:testIamPermissions  x-goog-user-project=my-expenses-app-58b8d
[debug] [2026-06-19T15:39:31.858Z] >>> [apiv2][body] POST https://cloudresourcemanager.googleapis.com/v1/projects/my-expenses-app-58b8d:testIamPermissions {"permissions":["firebase.projects.get","firebasehosting.sites.update"]}
[debug] [2026-06-19T15:39:32.783Z] <<< [apiv2][status] POST https://cloudresourcemanager.googleapis.com/v1/projects/my-expenses-app-58b8d:testIamPermissions 400
[debug] [2026-06-19T15:39:32.783Z] <<< [apiv2][body] POST https://cloudresourcemanager.googleapis.com/v1/projects/my-expenses-app-58b8d:testIamPermissions {"error":{"code":400,"message":"Project 'projects/my-expenses-app-58b8d' not found or deleted.","status":"INVALID_ARGUMENT","details":[{"@type":"type.googleapis.com/google.rpc.ErrorInfo","reason":"USER_PROJECT_DENIED","domain":"googleapis.com","metadata":{"service":"cloudresourcemanager.googleapis.com","consumer":"projects/my-expenses-app-58b8d","containerInfo":"projects/my-expenses-app-58b8d"}}]}}
[debug] [2026-06-19T15:39:32.784Z] [iam] error while checking permissions, command may fail: Request to https://cloudresourcemanager.googleapis.com/v1/projects/my-expenses-app-58b8d:testIamPermissions had HTTP Error: 400, Project 'projects/my-expenses-app-58b8d' not found or deleted.
[debug] [2026-06-19T15:39:32.784Z] Checked if tokens are valid: true, expires at: 1781884915187
[debug] [2026-06-19T15:39:32.784Z] Checked if tokens are valid: true, expires at: 1781884915187
[debug] [2026-06-19T15:39:32.785Z] >>> [apiv2][query] GET https://firebase.googleapis.com/v1beta1/projects/my-expenses-app-58b8d [none]
[debug] [2026-06-19T15:39:33.387Z] <<< [apiv2][status] GET https://firebase.googleapis.com/v1beta1/projects/my-expenses-app-58b8d 403
[debug] [2026-06-19T15:39:33.387Z] <<< [apiv2][body] GET https://firebase.googleapis.com/v1beta1/projects/my-expenses-app-58b8d {"error":{"code":403,"message":"The caller does not have permission","status":"PERMISSION_DENIED"}}
[debug] [2026-06-19T15:39:33.387Z] Request to https://firebase.googleapis.com/v1beta1/projects/my-expenses-app-58b8d had HTTP Error: 403, The caller does not have permission
[debug] [2026-06-19T15:39:33.617Z] FirebaseError: Request to https://firebase.googleapis.com/v1beta1/projects/my-expenses-app-58b8d had HTTP Error: 403, The caller does not have permission
    at responseToError (C:\Users\rook0\AppData\Roaming\npm\node_modules\firebase-tools\lib\responseToError.js:53:12)
    at RetryOperation._fn (C:\Users\rook0\AppData\Roaming\npm\node_modules\firebase-tools\lib\apiv2.js:333:77)
    at process.processTicksAndRejections (node:internal/process/task_queues:104:5)
[error] 
[error] Error: Failed to get Firebase project my-expenses-app-58b8d. Please make sure the project exists and your account has permission to access it.
